2024-02-17T07:05:57+00:00 CRITICAL Out of memory (allocated 41943040 bytes) (tried to allocate 32768 bytes) in C:\xampp\htdocs\wordpress\wp-includes\widgets\class-wp-widget-recent-posts.php on line 1

2024-02-17T08:30:41+00:00 CRITICAL Uncaught Error: Using $this when not in object context in C:\xampp\htdocs\wordpress\wp-content\mu-plugins\my_first_plugin\add_order_to_user.php:17
Stack trace:
#0 C:\xampp\htdocs\wordpress\wp-content\mu-plugins\my_first_plugin\add_order_to_user_view.php(2): require()
#1 C:\xampp\htdocs\wordpress\wp-content\mu-plugins\my_first_plugin.php(8): include('C:\\xampp\\htdocs...')
#2 C:\xampp\htdocs\wordpress\wp-includes\class-wp-hook.php(324): show_page_login('C:\\xampp\\htdocs...')
#3 C:\xampp\htdocs\wordpress\wp-includes\plugin.php(205): WP_Hook->apply_filters('C:\\xampp\\htdocs...', Array)
#4 C:\xampp\htdocs\wordpress\wp-includes\template-loader.php(104): apply_filters('template_includ...', 'C:\\xampp\\htdocs...')
#5 C:\xampp\htdocs\wordpress\wp-blog-header.php(19): require_once('C:\\xampp\\htdocs...')
#6 C:\xampp\htdocs\wordpress\index.php(17): require('C:\\xampp\\htdocs...')
#7 {main}
  thrown in C:\xampp\htdocs\wordpress\wp-content\mu-plugins\my_first_plugin\add_order_to_user.php on line 17

2024-02-17T08:30:54+00:00 CRITICAL Uncaught Error: Cannot access "self" when no class scope is active in C:\xampp\htdocs\wordpress\wp-content\mu-plugins\my_first_plugin\add_order_to_user.php:17
Stack trace:
#0 C:\xampp\htdocs\wordpress\wp-content\mu-plugins\my_first_plugin\add_order_to_user_view.php(2): require()
#1 C:\xampp\htdocs\wordpress\wp-content\mu-plugins\my_first_plugin.php(8): include('C:\\xampp\\htdocs...')
#2 C:\xampp\htdocs\wordpress\wp-includes\class-wp-hook.php(324): show_page_login('C:\\xampp\\htdocs...')
#3 C:\xampp\htdocs\wordpress\wp-includes\plugin.php(205): WP_Hook->apply_filters('C:\\xampp\\htdocs...', Array)
#4 C:\xampp\htdocs\wordpress\wp-includes\template-loader.php(104): apply_filters('template_includ...', 'C:\\xampp\\htdocs...')
#5 C:\xampp\htdocs\wordpress\wp-blog-header.php(19): require_once('C:\\xampp\\htdocs...')
#6 C:\xampp\htdocs\wordpress\index.php(17): require('C:\\xampp\\htdocs...')
#7 {main}
  thrown in C:\xampp\htdocs\wordpress\wp-content\mu-plugins\my_first_plugin\add_order_to_user.php on line 17

2024-02-17T09:00:27+00:00 CRITICAL syntax error, unexpected token "}" in C:\xampp\htdocs\wordpress\wp-content\mu-plugins\my_first_plugin\add_order_to_user.php on line 46

2024-02-17T09:50:01+00:00 CRITICAL syntax error, unexpected token "echo" in C:\xampp\htdocs\wordpress\wp-content\mu-plugins\my_first_plugin\add_order_to_user_view.php on line 33

2024-02-17T09:50:08+00:00 CRITICAL syntax error, unexpected token "echo" in C:\xampp\htdocs\wordpress\wp-content\mu-plugins\my_first_plugin\add_order_to_user_view.php on line 38

2024-02-17T09:50:12+00:00 CRITICAL syntax error, unexpected token "}", expecting "," or ";" in C:\xampp\htdocs\wordpress\wp-content\mu-plugins\my_first_plugin\add_order_to_user_view.php on line 45

2024-02-17T10:18:33+00:00 CRITICAL Uncaught Error: Call to undefined function check_name() in C:\xampp\htdocs\wordpress\wp-content\mu-plugins\my_first_plugin\add_order_to_user.php:16
Stack trace:
#0 C:\xampp\htdocs\wordpress\wp-content\mu-plugins\my_first_plugin\add_order_to_user_view.php(2): require()
#1 C:\xampp\htdocs\wordpress\wp-content\mu-plugins\my_first_plugin.php(8): include('C:\\xampp\\htdocs...')
#2 C:\xampp\htdocs\wordpress\wp-includes\class-wp-hook.php(324): show_page_login('C:\\xampp\\htdocs...')
#3 C:\xampp\htdocs\wordpress\wp-includes\plugin.php(205): WP_Hook->apply_filters('C:\\xampp\\htdocs...', Array)
#4 C:\xampp\htdocs\wordpress\wp-includes\template-loader.php(104): apply_filters('template_includ...', 'C:\\xampp\\htdocs...')
#5 C:\xampp\htdocs\wordpress\wp-blog-header.php(19): require_once('C:\\xampp\\htdocs...')
#6 C:\xampp\htdocs\wordpress\index.php(17): require('C:\\xampp\\htdocs...')
#7 {main}
  thrown in C:\xampp\htdocs\wordpress\wp-content\mu-plugins\my_first_plugin\add_order_to_user.php on line 16

2024-02-17T10:33:33+00:00 CRITICAL Uncaught Error: Call to undefined method WP_Post::get_price() in C:\xampp\htdocs\wordpress\wp-content\plugins\woocommerce\includes\wc-product-functions.php:1080
Stack trace:
#0 C:\xampp\htdocs\wordpress\wp-content\plugins\woocommerce\includes\abstracts\abstract-wc-order.php(1515): wc_get_price_excluding_tax(Object(WP_Post), Array)
#1 C:\xampp\htdocs\wordpress\wp-content\mu-plugins\my_first_plugin\add_order_to_user.php(49): WC_Abstract_Order->add_product(Object(WP_Post), 1)
#2 C:\xampp\htdocs\wordpress\wp-content\mu-plugins\my_first_plugin\add_order_to_user_view.php(2): require('C:\\xampp\\htdocs...')
#3 C:\xampp\htdocs\wordpress\wp-content\mu-plugins\my_first_plugin.php(8): include('C:\\xampp\\htdocs...')
#4 C:\xampp\htdocs\wordpress\wp-includes\class-wp-hook.php(324): show_page_login('C:\\xampp\\htdocs...')
#5 C:\xampp\htdocs\wordpress\wp-includes\plugin.php(205): WP_Hook->apply_filters('C:\\xampp\\htdocs...', Array)
#6 C:\xampp\htdocs\wordpress\wp-includes\template-loader.php(104): apply_filters('template_includ...', 'C:\\xampp\\htdocs...')
#7 C:\xampp\htdocs\wordpress\wp-blog-header.php(19): require_once('C:\\xampp\\htdocs...')
#8 C:\xampp\htdocs\wordpress\index.php(17): require('C:\\xampp\\htdocs...')
#9 {main}
  thrown in C:\xampp\htdocs\wordpress\wp-content\plugins\woocommerce\includes\wc-product-functions.php on line 1080

2024-02-17T10:56:33+00:00 CRITICAL syntax error, unexpected token "public", expecting end of file in C:\xampp\htdocs\wordpress\wp-content\mu-plugins\my_first_plugin\add_order_to_user.php on line 7

2024-02-17T11:29:59+00:00 CRITICAL Uncaught Error: Call to a member function add_product() on int in C:\xampp\htdocs\wordpress\wp-content\mu-plugins\my_first_plugin\add_order_to_user.php:102
Stack trace:
#0 C:\xampp\htdocs\wordpress\wp-content\mu-plugins\my_first_plugin\add_order_to_user.php(30): add_gift_to_order(46)
#1 C:\xampp\htdocs\wordpress\wp-content\mu-plugins\my_first_plugin\add_order_to_user_view.php(2): require('C:\\xampp\\htdocs...')
#2 C:\xampp\htdocs\wordpress\wp-content\mu-plugins\my_first_plugin.php(8): include('C:\\xampp\\htdocs...')
#3 C:\xampp\htdocs\wordpress\wp-includes\class-wp-hook.php(324): show_page_login('C:\\xampp\\htdocs...')
#4 C:\xampp\htdocs\wordpress\wp-includes\plugin.php(205): WP_Hook->apply_filters('C:\\xampp\\htdocs...', Array)
#5 C:\xampp\htdocs\wordpress\wp-includes\template-loader.php(104): apply_filters('template_includ...', 'C:\\xampp\\htdocs...')
#6 C:\xampp\htdocs\wordpress\wp-blog-header.php(19): require_once('C:\\xampp\\htdocs...')
#7 C:\xampp\htdocs\wordpress\index.php(17): require('C:\\xampp\\htdocs...')
#8 {main}
  thrown in C:\xampp\htdocs\wordpress\wp-content\mu-plugins\my_first_plugin\add_order_to_user.php on line 102

2024-02-17T12:45:39+00:00 CRITICAL syntax error, unexpected token "if", expecting "," or ";" in C:\xampp\htdocs\wordpress\wp-content\mu-plugins\my_first_plugin\add_order_to_user.php on line 11

2024-02-17T12:47:26+00:00 CRITICAL syntax error, unexpected token "}" in C:\xampp\htdocs\wordpress\wp-content\mu-plugins\my_first_plugin\add_order_to_user.php on line 14

2024-02-17T12:48:57+00:00 CRITICAL syntax error, unexpected token "}" in C:\xampp\htdocs\wordpress\wp-content\mu-plugins\my_first_plugin\add_order_to_user.php on line 14

2024-02-17T12:49:00+00:00 CRITICAL syntax error, unexpected token "}" in C:\xampp\htdocs\wordpress\wp-content\mu-plugins\my_first_plugin\add_order_to_user.php on line 14

2024-02-17T13:19:15+00:00 CRITICAL Uncaught WC_Data_Exception: Invalid billing email address in C:\xampp\htdocs\wordpress\wp-content\plugins\woocommerce\includes\abstracts\abstract-wc-data.php:943
Stack trace:
#0 C:\xampp\htdocs\wordpress\wp-content\plugins\woocommerce\includes\class-wc-order.php(1301): WC_Data->error('order_invalid_b...', 'Invalid billing...')
#1 C:\xampp\htdocs\wordpress\wp-content\mu-plugins\my_first_plugin\add_order_to_user.php(107): WC_Order->set_billing_email('bill email')
#2 C:\xampp\htdocs\wordpress\wp-content\mu-plugins\my_first_plugin\add_order_to_user.php(27): create_order(Object(WP_User))
#3 C:\xampp\htdocs\wordpress\wp-content\mu-plugins\my_first_plugin\add_order_to_user_view.php(2): require('C:\\xampp\\htdocs...')
#4 C:\xampp\htdocs\wordpress\wp-content\mu-plugins\my_first_plugin.php(8): include('C:\\xampp\\htdocs...')
#5 C:\xampp\htdocs\wordpress\wp-includes\class-wp-hook.php(324): show_page_login('C:\\xampp\\htdocs...')
#6 C:\xampp\htdocs\wordpress\wp-includes\plugin.php(205): WP_Hook->apply_filters('C:\\xampp\\htdocs...', Array)
#7 C:\xampp\htdocs\wordpress\wp-includes\template-loader.php(104): apply_filters('template_includ...', 'C:\\xampp\\htdocs...')
#8 C:\xampp\htdocs\wordpress\wp-blog-header.php(19): require_once('C:\\xampp\\htdocs...')
#9 C:\xampp\htdocs\wordpress\index.php(17): require('C:\\xampp\\htdocs...')
#10 {main}
  thrown in C:\xampp\htdocs\wordpress\wp-content\plugins\woocommerce\includes\abstracts\abstract-wc-data.php on line 943

