2024-02-12T07:13:26+00:00 ERROR Error getting data feed
2024-02-12T07:13:26+00:00 ERROR WP_Error Object
(
    [errors] => Array
        (
            [http_request_failed] => Array
                (
                    [0] => cURL error 28: Operation timed out after 5006 milliseconds with 0 bytes received
                )

        )

    [error_data] => Array
        (
        )

    [additional_data:protected] => Array
        (
        )

)

2024-02-12T07:13:47+00:00 ERROR Error getting data feed
2024-02-12T07:13:47+00:00 ERROR WP_Error Object
(
    [errors] => Array
        (
            [http_request_failed] => Array
                (
                    [0] => cURL error 28: Operation timed out after 5006 milliseconds with 0 bytes received
                )

        )

    [error_data] => Array
        (
        )

    [additional_data:protected] => Array
        (
        )

)

2024-02-12T07:13:48+00:00 ERROR Error getting data feed
2024-02-12T07:13:48+00:00 ERROR WP_Error Object
(
    [errors] => Array
        (
            [http_request_failed] => Array
                (
                    [0] => cURL error 28: Operation timed out after 5005 milliseconds with 0 bytes received
                )

        )

    [error_data] => Array
        (
        )

    [additional_data:protected] => Array
        (
        )

)

2024-02-12T07:13:48+00:00 ERROR Error getting data feed
2024-02-12T07:13:48+00:00 ERROR WP_Error Object
(
    [errors] => Array
        (
            [http_request_failed] => Array
                (
                    [0] => cURL error 28: Operation timed out after 5003 milliseconds with 0 bytes received
                )

        )

    [error_data] => Array
        (
        )

    [additional_data:protected] => Array
        (
        )

)

2024-02-12T07:13:48+00:00 ERROR Error getting data feed
2024-02-12T07:13:48+00:00 ERROR WP_Error Object
(
    [errors] => Array
        (
            [http_request_failed] => Array
                (
                    [0] => cURL error 28: Operation timed out after 5009 milliseconds with 0 bytes received
                )

        )

    [error_data] => Array
        (
        )

    [additional_data:protected] => Array
        (
        )

)

2024-02-12T07:13:48+00:00 ERROR Error getting data feed
2024-02-12T07:13:48+00:00 ERROR WP_Error Object
(
    [errors] => Array
        (
            [http_request_failed] => Array
                (
                    [0] => cURL error 28: Operation timed out after 5014 milliseconds with 0 bytes received
                )

        )

    [error_data] => Array
        (
        )

    [additional_data:protected] => Array
        (
        )

)

2024-02-12T07:13:48+00:00 ERROR Error getting data feed
2024-02-12T07:13:48+00:00 ERROR WP_Error Object
(
    [errors] => Array
        (
            [http_request_failed] => Array
                (
                    [0] => cURL error 28: Operation timed out after 5003 milliseconds with 0 bytes received
                )

        )

    [error_data] => Array
        (
        )

    [additional_data:protected] => Array
        (
        )

)

2024-02-12T07:13:53+00:00 ERROR Error getting data feed
2024-02-12T07:13:53+00:00 ERROR WP_Error Object
(
    [errors] => Array
        (
            [http_request_failed] => Array
                (
                    [0] => cURL error 28: Operation timed out after 5009 milliseconds with 0 bytes received
                )

        )

    [error_data] => Array
        (
        )

    [additional_data:protected] => Array
        (
        )

)

2024-02-12T07:13:53+00:00 ERROR Error getting data feed
2024-02-12T07:13:53+00:00 ERROR WP_Error Object
(
    [errors] => Array
        (
            [http_request_failed] => Array
                (
                    [0] => cURL error 28: Operation timed out after 5013 milliseconds with 0 bytes received
                )

        )

    [error_data] => Array
        (
        )

    [additional_data:protected] => Array
        (
        )

)

2024-02-12T07:13:53+00:00 ERROR Error getting data feed
2024-02-12T07:13:53+00:00 ERROR WP_Error Object
(
    [errors] => Array
        (
            [http_request_failed] => Array
                (
                    [0] => cURL error 28: Operation timed out after 5009 milliseconds with 0 bytes received
                )

        )

    [error_data] => Array
        (
        )

    [additional_data:protected] => Array
        (
        )

)

2024-02-12T07:13:53+00:00 ERROR Error getting data feed
2024-02-12T07:13:53+00:00 ERROR WP_Error Object
(
    [errors] => Array
        (
            [http_request_failed] => Array
                (
                    [0] => cURL error 28: Operation timed out after 5009 milliseconds with 0 bytes received
                )

        )

    [error_data] => Array
        (
        )

    [additional_data:protected] => Array
        (
        )

)

2024-02-12T07:13:54+00:00 ERROR Error getting data feed
2024-02-12T07:13:54+00:00 ERROR WP_Error Object
(
    [errors] => Array
        (
            [http_request_failed] => Array
                (
                    [0] => cURL error 28: Operation timed out after 5001 milliseconds with 0 bytes received
                )

        )

    [error_data] => Array
        (
        )

    [additional_data:protected] => Array
        (
        )

)

2024-02-12T07:13:58+00:00 ERROR Error getting data feed
2024-02-12T07:13:58+00:00 ERROR WP_Error Object
(
    [errors] => Array
        (
            [http_request_failed] => Array
                (
                    [0] => cURL error 28: Operation timed out after 5012 milliseconds with 0 bytes received
                )

        )

    [error_data] => Array
        (
        )

    [additional_data:protected] => Array
        (
        )

)

2024-02-12T07:13:59+00:00 ERROR Error getting data feed
2024-02-12T07:13:59+00:00 ERROR WP_Error Object
(
    [errors] => Array
        (
            [http_request_failed] => Array
                (
                    [0] => cURL error 28: Operation timed out after 5002 milliseconds with 0 bytes received
                )

        )

    [error_data] => Array
        (
        )

    [additional_data:protected] => Array
        (
        )

)

2024-02-12T07:14:44+00:00 ERROR Error getting data feed
2024-02-12T07:14:44+00:00 ERROR WP_Error Object
(
    [errors] => Array
        (
            [http_request_failed] => Array
                (
                    [0] => cURL error 28: Operation timed out after 5007 milliseconds with 0 bytes received
                )

        )

    [error_data] => Array
        (
        )

    [additional_data:protected] => Array
        (
        )

)

2024-02-12T07:15:40+00:00 ERROR Error getting data feed
2024-02-12T07:15:40+00:00 ERROR WP_Error Object
(
    [errors] => Array
        (
            [http_request_failed] => Array
                (
                    [0] => cURL error 28: Operation timed out after 5010 milliseconds with 0 bytes received
                )

        )

    [error_data] => Array
        (
        )

    [additional_data:protected] => Array
        (
        )

)

2024-02-12T07:15:50+00:00 ERROR Error getting data feed
2024-02-12T07:15:50+00:00 ERROR WP_Error Object
(
    [errors] => Array
        (
            [http_request_failed] => Array
                (
                    [0] => cURL error 28: Operation timed out after 5009 milliseconds with 0 bytes received
                )

        )

    [error_data] => Array
        (
        )

    [additional_data:protected] => Array
        (
        )

)

2024-02-12T07:17:20+00:00 ERROR Error getting data feed
2024-02-12T07:17:20+00:00 ERROR WP_Error Object
(
    [errors] => Array
        (
            [http_request_failed] => Array
                (
                    [0] => cURL error 28: Operation timed out after 5004 milliseconds with 0 bytes received
                )

        )

    [error_data] => Array
        (
        )

    [additional_data:protected] => Array
        (
        )

)

2024-02-12T07:17:26+00:00 ERROR Error getting data feed
2024-02-12T07:17:26+00:00 ERROR WP_Error Object
(
    [errors] => Array
        (
            [http_request_failed] => Array
                (
                    [0] => cURL error 28: Operation timed out after 5006 milliseconds with 0 bytes received
                )

        )

    [error_data] => Array
        (
        )

    [additional_data:protected] => Array
        (
        )

)

2024-02-12T07:17:32+00:00 ERROR Error getting data feed
2024-02-12T07:17:32+00:00 ERROR WP_Error Object
(
    [errors] => Array
        (
            [http_request_failed] => Array
                (
                    [0] => cURL error 28: Operation timed out after 5007 milliseconds with 0 bytes received
                )

        )

    [error_data] => Array
        (
        )

    [additional_data:protected] => Array
        (
        )

)

2024-02-12T07:18:30+00:00 ERROR Error getting data feed
2024-02-12T07:18:30+00:00 ERROR WP_Error Object
(
    [errors] => Array
        (
            [http_request_failed] => Array
                (
                    [0] => cURL error 28: Operation timed out after 5000 milliseconds with 0 bytes received
                )

        )

    [error_data] => Array
        (
        )

    [additional_data:protected] => Array
        (
        )

)

2024-02-12T07:19:03+00:00 ERROR Error getting data feed
2024-02-12T07:19:03+00:00 ERROR WP_Error Object
(
    [errors] => Array
        (
            [http_request_failed] => Array
                (
                    [0] => cURL error 28: Operation timed out after 5001 milliseconds with 0 bytes received
                )

        )

    [error_data] => Array
        (
        )

    [additional_data:protected] => Array
        (
        )

)

2024-02-12T07:19:41+00:00 ERROR Error getting data feed
2024-02-12T07:19:41+00:00 ERROR WP_Error Object
(
    [errors] => Array
        (
            [http_request_failed] => Array
                (
                    [0] => cURL error 28: Operation timed out after 5015 milliseconds with 0 bytes received
                )

        )

    [error_data] => Array
        (
        )

    [additional_data:protected] => Array
        (
        )

)

2024-02-12T07:19:41+00:00 ERROR Error getting data feed
2024-02-12T07:19:41+00:00 ERROR WP_Error Object
(
    [errors] => Array
        (
            [http_request_failed] => Array
                (
                    [0] => cURL error 28: Operation timed out after 5004 milliseconds with 0 bytes received
                )

        )

    [error_data] => Array
        (
        )

    [additional_data:protected] => Array
        (
        )

)

2024-02-12T07:19:41+00:00 ERROR Error getting data feed
2024-02-12T07:19:41+00:00 ERROR WP_Error Object
(
    [errors] => Array
        (
            [http_request_failed] => Array
                (
                    [0] => cURL error 28: Operation timed out after 5007 milliseconds with 0 bytes received
                )

        )

    [error_data] => Array
        (
        )

    [additional_data:protected] => Array
        (
        )

)

2024-02-12T07:19:41+00:00 ERROR Error getting data feed
2024-02-12T07:19:41+00:00 ERROR WP_Error Object
(
    [errors] => Array
        (
            [http_request_failed] => Array
                (
                    [0] => cURL error 28: Operation timed out after 5011 milliseconds with 0 bytes received
                )

        )

    [error_data] => Array
        (
        )

    [additional_data:protected] => Array
        (
        )

)

2024-02-12T07:19:41+00:00 ERROR Error getting data feed
2024-02-12T07:19:41+00:00 ERROR WP_Error Object
(
    [errors] => Array
        (
            [http_request_failed] => Array
                (
                    [0] => cURL error 28: Operation timed out after 5011 milliseconds with 0 bytes received
                )

        )

    [error_data] => Array
        (
        )

    [additional_data:protected] => Array
        (
        )

)

2024-02-12T07:19:41+00:00 ERROR Error getting data feed
2024-02-12T07:19:41+00:00 ERROR WP_Error Object
(
    [errors] => Array
        (
            [http_request_failed] => Array
                (
                    [0] => cURL error 28: Operation timed out after 5006 milliseconds with 0 bytes received
                )

        )

    [error_data] => Array
        (
        )

    [additional_data:protected] => Array
        (
        )

)

2024-02-12T07:19:47+00:00 ERROR Error getting data feed
2024-02-12T07:19:47+00:00 ERROR WP_Error Object
(
    [errors] => Array
        (
            [http_request_failed] => Array
                (
                    [0] => cURL error 28: Operation timed out after 5006 milliseconds with 0 bytes received
                )

        )

    [error_data] => Array
        (
        )

    [additional_data:protected] => Array
        (
        )

)

2024-02-12T07:19:47+00:00 ERROR Error getting data feed
2024-02-12T07:19:47+00:00 ERROR WP_Error Object
(
    [errors] => Array
        (
            [http_request_failed] => Array
                (
                    [0] => cURL error 28: Operation timed out after 5005 milliseconds with 0 bytes received
                )

        )

    [error_data] => Array
        (
        )

    [additional_data:protected] => Array
        (
        )

)

2024-02-12T07:19:47+00:00 ERROR Error getting data feed
2024-02-12T07:19:47+00:00 ERROR WP_Error Object
(
    [errors] => Array
        (
            [http_request_failed] => Array
                (
                    [0] => cURL error 28: Operation timed out after 5009 milliseconds with 0 bytes received
                )

        )

    [error_data] => Array
        (
        )

    [additional_data:protected] => Array
        (
        )

)

2024-02-12T07:19:47+00:00 ERROR Error getting data feed
2024-02-12T07:19:47+00:00 ERROR WP_Error Object
(
    [errors] => Array
        (
            [http_request_failed] => Array
                (
                    [0] => cURL error 28: Operation timed out after 5010 milliseconds with 0 bytes received
                )

        )

    [error_data] => Array
        (
        )

    [additional_data:protected] => Array
        (
        )

)

2024-02-12T07:19:47+00:00 ERROR Error getting data feed
2024-02-12T07:19:47+00:00 ERROR WP_Error Object
(
    [errors] => Array
        (
            [http_request_failed] => Array
                (
                    [0] => cURL error 28: Operation timed out after 5004 milliseconds with 0 bytes received
                )

        )

    [error_data] => Array
        (
        )

    [additional_data:protected] => Array
        (
        )

)

2024-02-12T07:19:51+00:00 ERROR Error getting data feed
2024-02-12T07:19:51+00:00 ERROR WP_Error Object
(
    [errors] => Array
        (
            [http_request_failed] => Array
                (
                    [0] => cURL error 28: Operation timed out after 5000 milliseconds with 0 bytes received
                )

        )

    [error_data] => Array
        (
        )

    [additional_data:protected] => Array
        (
        )

)

2024-02-12T07:19:53+00:00 ERROR Error getting data feed
2024-02-12T07:19:53+00:00 ERROR WP_Error Object
(
    [errors] => Array
        (
            [http_request_failed] => Array
                (
                    [0] => cURL error 28: Operation timed out after 5004 milliseconds with 0 bytes received
                )

        )

    [error_data] => Array
        (
        )

    [additional_data:protected] => Array
        (
        )

)

2024-02-12T07:20:37+00:00 ERROR Error getting data feed
2024-02-12T07:20:37+00:00 ERROR WP_Error Object
(
    [errors] => Array
        (
            [http_request_failed] => Array
                (
                    [0] => cURL error 28: Operation timed out after 5002 milliseconds with 0 bytes received
                )

        )

    [error_data] => Array
        (
        )

    [additional_data:protected] => Array
        (
        )

)

2024-02-12T07:22:29+00:00 ERROR Error getting data feed
2024-02-12T07:22:29+00:00 ERROR WP_Error Object
(
    [errors] => Array
        (
            [http_request_failed] => Array
                (
                    [0] => cURL error 28: Operation timed out after 5011 milliseconds with 0 bytes received
                )

        )

    [error_data] => Array
        (
        )

    [additional_data:protected] => Array
        (
        )

)

2024-02-12T07:22:29+00:00 ERROR Error getting data feed
2024-02-12T07:22:29+00:00 ERROR WP_Error Object
(
    [errors] => Array
        (
            [http_request_failed] => Array
                (
                    [0] => cURL error 28: Operation timed out after 5002 milliseconds with 0 bytes received
                )

        )

    [error_data] => Array
        (
        )

    [additional_data:protected] => Array
        (
        )

)

2024-02-12T07:47:37+00:00 ERROR Error getting data feed
2024-02-12T07:47:37+00:00 ERROR WP_Error Object
(
    [errors] => Array
        (
            [http_request_failed] => Array
                (
                    [0] => cURL error 28: Resolving timed out after 5004 milliseconds
                )

        )

    [error_data] => Array
        (
        )

    [additional_data:protected] => Array
        (
        )

)

2024-02-12T07:48:31+00:00 ERROR Error getting data feed
2024-02-12T07:48:31+00:00 ERROR WP_Error Object
(
    [errors] => Array
        (
            [http_request_failed] => Array
                (
                    [0] => cURL error 28: Operation timed out after 5004 milliseconds with 0 bytes received
                )

        )

    [error_data] => Array
        (
        )

    [additional_data:protected] => Array
        (
        )

)

2024-02-12T07:56:15+00:00 ERROR Error getting data feed
2024-02-12T07:56:15+00:00 ERROR WP_Error Object
(
    [errors] => Array
        (
            [http_request_failed] => Array
                (
                    [0] => cURL error 28: Operation timed out after 5013 milliseconds with 0 bytes received
                )

        )

    [error_data] => Array
        (
        )

    [additional_data:protected] => Array
        (
        )

)

2024-02-12T07:56:16+00:00 ERROR Error getting data feed
2024-02-12T07:56:16+00:00 ERROR WP_Error Object
(
    [errors] => Array
        (
            [http_request_failed] => Array
                (
                    [0] => cURL error 28: Operation timed out after 5009 milliseconds with 0 bytes received
                )

        )

    [error_data] => Array
        (
        )

    [additional_data:protected] => Array
        (
        )

)

